[Language]
UiLanguage=en

[UnitSettings]
Unit=4
PaperUnit=4

[DimensionSettings]
DIMTXT=2.5
DIMEXE=1.25
DIMEXO=0.625
DIMASZ=2.5

[PageSettings]
PaperSizeName=ANSI A (Letter)
PaperWidth=215.9
PaperHeight=279.4

[MultiPageSettings]
GlueMarginsLeft=10
GlueMarginsTop=10
GlueMarginsBottom=10
GlueMarginsRight=10

[Input]
DecimalPoint=.

[GraphicsViewColors]
BackgroundColor=@Variant(\0\0\0\x7f\0\0\0\aRColor\0\x1\xff\xff\0\0\0\0\0\0\0\0\0\x2)

[LibraryBrowser]
SourceList=@Invalid()

[Application]
Version=03040200

[AddOns]
List=scripts/Reset/Reset.js, scripts/File/File.js, scripts/File/AutoSave/AutoSave.js, scripts/File/BitmapExport/BitmapExport.js, scripts/File/CloseFile/CloseFile.js, scripts/File/NewFile/NewFile.js, scripts/File/OpenFile/OpenFile.js, scripts/File/PdfExport/PdfExport.js, scripts/File/Print/Print.js, scripts/File/PrintPreview/PrintPreview.js, scripts/File/Quit/Quit.js, scripts/File/RecentFiles/RecentFiles.js, scripts/File/Save/Save.js, scripts/File/SaveAs/SaveAs.js, scripts/File/SvgImport/SvgImport.js, scripts/Edit/Edit.js, scripts/Edit/AppPreferences/AppPreferences.js, scripts/Edit/AppPreferences/GraphicsViewPreferences/GraphicsViewPreferences.js, scripts/Edit/AppPreferences/GraphicsViewPreferences/ColorPreferences/ColorPreferences.js, scripts/Edit/AppPreferences/GraphicsViewPreferences/FontPreferences/FontPreferences.js, scripts/Edit/AppPreferences/GraphicsViewPreferences/GridPreferences/GridPreferences.js, scripts/Edit/AppPreferences/InputPreferences/InputPreferences.js, scripts/Edit/AppPreferences/LanguagePreferences/LanguagePreferences.js, scripts/Edit/AppPreferences/ScriptingPreferences/ScriptingPreferences.js, scripts/Edit/AppPreferences/StartupPreferences/StartupPreferences.js, scripts/Edit/AppPreferences/StylePreferences/StylePreferences.js, scripts/Edit/AppPreferences/TextPreferences/TextPreferences.js, scripts/Edit/AppPreferences/ToolBarPreferences/ToolBarPreferences.js, scripts/Edit/Copy/Copy.js, scripts/Edit/CopyWithReference/CopyWithReference.js, scripts/Edit/Cut/Cut.js, scripts/Edit/CutWithReference/CutWithReference.js, scripts/Edit/Delete/Delete.js, scripts/Edit/DrawingPreferences/DrawingPreferences.js, scripts/Edit/DrawingPreferences/ColorSettings/ColorSettings.js, scripts/Edit/DrawingPreferences/DimensionSettings/DimensionSettings.js, scripts/Edit/DrawingPreferences/GridSettings/GridSettings.js, scripts/Edit/DrawingPreferences/LinetypeSettings/LinetypeSettings.js, scripts/Edit/DrawingPreferences/PageSettings/PageSettings.js, scripts/Edit/DrawingPreferences/UnitSettings/UnitSettings.js, scripts/Edit/DrawingPreferences/ViewportSettings/ViewportSettings.js, scripts/Edit/Esc/Esc.js, scripts/Edit/Paste/Paste.js, scripts/Edit/Redo/Redo.js, scripts/Edit/Undo/Undo.js, scripts/View/View.js, scripts/View/AutoZoom/AutoZoom.js, scripts/View/CommandLineFocus/CommandLineFocus.js, scripts/View/DraftMode/DraftMode.js, scripts/View/IsometricView/IsometricView.js, scripts/View/IsometricView/IsometricGridLeft/IsometricGridLeft.js, scripts/View/IsometricView/IsometricGridOff/IsometricGridOff.js, scripts/View/IsometricView/IsometricGridRight/IsometricGridRight.js, scripts/View/IsometricView/IsometricGridTop/IsometricGridTop.js, scripts/View/LinetypeMode/LinetypeMode.js, scripts/View/OptionsToolBarFocus/OptionsToolBarFocus.js, scripts/View/PanZoom/PanZoom.js, scripts/View/PreviousView/PreviousView.js, scripts/View/ToggleGrid/ToggleGrid.js, scripts/View/ToggleStatusBar/ToggleStatusBar.js, scripts/View/ViewToolBars/ViewToolBars.js, scripts/View/WindowZoom/WindowZoom.js, scripts/View/ZoomIn/ZoomIn.js, scripts/View/ZoomOut/ZoomOut.js, scripts/View/ZoomToSelection/ZoomToSelection.js, scripts/Select/Select.js, scripts/Select/DeselectAll/DeselectAll.js, scripts/Select/InvertSelection/InvertSelection.js, scripts/Select/SelectAll/SelectAll.js, scripts/Select/SelectContour/SelectContour.js, scripts/Select/SelectIntersectedEntities/SelectIntersectedEntities.js, scripts/Select/SelectLayerByEntity/SelectLayerByEntity.js, scripts/Select/SelectRectangle/SelectRectangle.js, scripts/Draw/Draw.js, scripts/Draw/Arc/Arc.js, scripts/Draw/Arc/Arc2PA/Arc2PA.js, scripts/Draw/Arc/Arc2PR/Arc2PR.js, scripts/Draw/Arc/Arc3P/Arc3P.js, scripts/Draw/Arc/ArcConcentric/ArcConcentric.js, scripts/Draw/Arc/ArcConcentricThrough/ArcConcentricThrough.js, scripts/Draw/Arc/ArcCPA/ArcCPA.js, scripts/Draw/Arc/ArcTangential/ArcTangential.js, scripts/Draw/Circle/Circle.js, scripts/Draw/Circle/Circle2P/Circle2P.js, scripts/Draw/Circle/Circle2PR/Circle2PR.js, scripts/Draw/Circle/Circle2TP/Circle2TP.js, scripts/Draw/Circle/Circle2TR/Circle2TR.js, scripts/Draw/Circle/Circle3P/Circle3P.js, scripts/Draw/Circle/Circle3T/Circle3T.js, scripts/Draw/Circle/CircleConcentric/CircleConcentric.js, scripts/Draw/Circle/CircleConcentricThrough/CircleConcentricThrough.js, scripts/Draw/Circle/CircleCP/CircleCP.js, scripts/Draw/Circle/CircleCR/CircleCR.js, scripts/Draw/Circle/CircleT2P/CircleT2P.js, scripts/Draw/Dimension/Dimension.js, scripts/Draw/Dimension/DimAligned/DimAligned.js, scripts/Draw/Dimension/DimAngular/DimAngular.js, scripts/Draw/Dimension/DimDiametric/DimDiametric.js, scripts/Draw/Dimension/DimHorizontal/DimHorizontal.js, scripts/Draw/Dimension/DimOrdinate/DimOrdinate.js, scripts/Draw/Dimension/DimRadial/DimRadial.js, scripts/Draw/Dimension/DimRegen/DimRegen.js, scripts/Draw/Dimension/DimRotated/DimRotated.js, scripts/Draw/Dimension/DimVertical/DimVertical.js, scripts/Draw/Dimension/Leader/Leader.js, scripts/Draw/Ellipse/Ellipse.js, scripts/Draw/Ellipse/EllipseArcCPPA/EllipseArcCPPA.js, scripts/Draw/Ellipse/EllipseCPP/EllipseCPP.js, scripts/Draw/Ellipse/EllipseInscribedQuad/EllipseInscribedQuad.js, scripts/Draw/Hatch/Hatch.js, scripts/Draw/Image/Image.js, scripts/Draw/Line/Line.js, scripts/Draw/Line/Line2P/Line2P.js, scripts/Draw/Line/LineAngle/LineAngle.js, scripts/Draw/Line/LineBisector/LineBisector.js, scripts/Draw/Line/LineFreehand/LineFreehand.js, scripts/Draw/Line/LineHorizontal/LineHorizontal.js, scripts/Draw/Line/LineOrthogonal/LineOrthogonal.js, scripts/Draw/Line/LineOrthogonalTangent/LineOrthogonalTangent.js, scripts/Draw/Line/LineParallel/LineParallel.js, scripts/Draw/Line/LineParallelThrough/LineParallelThrough.js, scripts/Draw/Line/LinePolygonCP/LinePolygonCP.js, scripts/Draw/Line/LinePolygonPP/LinePolygonPP.js, scripts/Draw/Line/LineRectangle/LineRectangle.js, scripts/Draw/Line/LineRectangleSize/LineRectangleSize.js, scripts/Draw/Line/LineRelativeAngle/LineRelativeAngle.js, scripts/Draw/Line/LineTangent1/LineTangent1.js, scripts/Draw/Line/LineTangent2/LineTangent2.js, scripts/Draw/Line/LineVertical/LineVertical.js, scripts/Draw/Point/Point.js, scripts/Draw/Point/Point1P/Point1P.js, scripts/Draw/Polyline/Polyline.js, scripts/Draw/Polyline/DrawPolyline/DrawPolyline.js, scripts/Draw/Spline/Spline.js, scripts/Draw/Spline/SplineControlPoints/SplineControlPoints.js, scripts/Draw/Text/Text.js, scripts/Draw/Text/TextDialog/TextDialog.js, scripts/Modify/Modify.js, scripts/Modify/AutoTrim/AutoTrim.js, scripts/Modify/Bevel/Bevel.js, scripts/Modify/BreakOut/BreakOut.js, scripts/Modify/Divide/Divide.js, scripts/Modify/EditText/EditText.js, scripts/Modify/Explode/Explode.js, scripts/Modify/Lengthen/Lengthen.js, scripts/Modify/Mirror/Mirror.js, scripts/Modify/Reverse/Reverse.js, scripts/Modify/Rotate/Rotate.js, scripts/Modify/Rotate2/Rotate2.js, scripts/Modify/Round/Round.js, scripts/Modify/Scale/Scale.js, scripts/Modify/Stretch/Stretch.js, scripts/Modify/ToBack/ToBack.js, scripts/Modify/ToFront/ToFront.js, scripts/Modify/Translate/Translate.js, scripts/Modify/TranslateRotate/TranslateRotate.js, scripts/Modify/Trim/Trim.js, scripts/Modify/TrimBoth/TrimBoth.js, scripts/Snap/Snap.js, scripts/Snap/LockRelativeZero/LockRelativeZero.js, scripts/Snap/RestrictHorizontal/RestrictHorizontal.js, scripts/Snap/RestrictOff/RestrictOff.js, scripts/Snap/RestrictOrthogonal/RestrictOrthogonal.js, scripts/Snap/RestrictVertical/RestrictVertical.js, scripts/Snap/SetRelativeZero/SetRelativeZero.js, scripts/Snap/SnapAuto/SnapAuto.js, scripts/Snap/SnapCenter/SnapCenter.js, scripts/Snap/SnapCoordinate/SnapCoordinate.js, scripts/Snap/SnapCoordinatePolar/SnapCoordinatePolar.js, scripts/Snap/SnapDistance/SnapDistance.js, scripts/Snap/SnapEnd/SnapEnd.js, scripts/Snap/SnapFree/SnapFree.js, scripts/Snap/SnapGrid/SnapGrid.js, scripts/Snap/SnapIntersection/SnapIntersection.js, scripts/Snap/SnapIntersectionManual/SnapIntersectionManual.js, scripts/Snap/SnapMiddle/SnapMiddle.js, scripts/Snap/SnapMiddleManual/SnapMiddleManual.js, scripts/Snap/SnapOnEntity/SnapOnEntity.js, scripts/Snap/SnapPerpendicular/SnapPerpendicular.js, scripts/Snap/SnapReference/SnapReference.js, scripts/Snap/SnapXManual/SnapXManual.js, scripts/Snap/SnapYManual/SnapYManual.js, scripts/Information/Information.js, scripts/Information/InfoAngle/InfoAngle.js, scripts/Information/InfoArea/InfoArea.js, scripts/Information/InfoDistanceEP/InfoDistanceEP.js, scripts/Information/InfoDistancePP/InfoDistancePP.js, scripts/Information/InfoPosition/InfoPosition.js, scripts/Information/InfoPositionPol/InfoPositionPol.js, scripts/Information/InfoPositionPolRel/InfoPositionPolRel.js, scripts/Information/InfoPositionRel/InfoPositionRel.js, scripts/Layer/Layer.js, scripts/Layer/AddLayer/AddLayer.js, scripts/Layer/DeselectLayer/DeselectLayer.js, scripts/Layer/EditLayer/EditLayer.js, scripts/Layer/HideAllLayers/HideAllLayers.js, scripts/Layer/RemoveLayer/RemoveLayer.js, scripts/Layer/SelectLayer/SelectLayer.js, scripts/Layer/ShowActiveLayer/ShowActiveLayer.js, scripts/Layer/ShowAllLayers/ShowAllLayers.js, scripts/Layer/ToggleLayerVisibility/ToggleLayerVisibility.js, scripts/Block/Block.js, scripts/Block/AddBlock/AddBlock.js, scripts/Block/CreateBlock/CreateBlock.js, scripts/Block/CreateLibraryItem/CreateLibraryItem.js, scripts/Block/DeselectBlockReferences/DeselectBlockReferences.js, scripts/Block/EditBlock/EditBlock.js, scripts/Block/EditFromReference/EditFromReference.js, scripts/Block/EditMainDrawing/EditMainDrawing.js, scripts/Block/HideAllBlocks/HideAllBlocks.js, scripts/Block/InsertBlock/InsertBlock.js, scripts/Block/InsertBlockItem/InsertBlockItem.js, scripts/Block/InsertScriptItem/InsertScriptItem.js, scripts/Block/RemoveBlock/RemoveBlock.js, scripts/Block/RenameBlock/RenameBlock.js, scripts/Block/SelectBlockReferences/SelectBlockReferences.js, scripts/Block/ShowAllBlocks/ShowAllBlocks.js, scripts/Block/ToggleBlockVisibility/ToggleBlockVisibility.js, scripts/Window/Window.js, scripts/Window/CloseAll/CloseAll.js, scripts/Window/NextWindow/NextWindow.js, scripts/Window/PreviousWindow/PreviousWindow.js, scripts/Widgets/Widgets.js, scripts/Widgets/AutoZoomView/AutoZoomView.js, scripts/Widgets/BlockList/BlockList.js, scripts/Widgets/CadToolBar/CadToolBar.js, scripts/Widgets/CommandLine/CommandLine.js, scripts/Widgets/CoordinateDisplay/CoordinateDisplay.js, scripts/Widgets/DirectoryList/DirectoryList.js, scripts/Widgets/FirstStart/FirstStart.js, scripts/Widgets/LayerList/LayerList.js, scripts/Widgets/LibraryBrowser/LibraryBrowser.js, scripts/Widgets/MouseDisplay/MouseDisplay.js, scripts/Widgets/OptionsToolBar/OptionsToolBar.js, scripts/Widgets/PenToolBar/PenToolBar.js, scripts/Widgets/ProgressBar/ProgressBar.js, scripts/Widgets/PropertyEditor/PropertyEditor.js, scripts/Widgets/SelectionDisplay/SelectionDisplay.js, scripts/Widgets/StatusBar/StatusBar.js, scripts/Widgets/TabBar/TabBar.js, scripts/Widgets/Viewport/Viewport.js, scripts/Misc/Misc.js, scripts/Misc/Examples/Examples.js, scripts/Misc/Examples/BlockExamples/BlockExamples.js, scripts/Misc/Examples/BlockExamples/ExAddBlock/ExAddBlock.js, scripts/Misc/Examples/BlockExamples/ExFixBlockNames/ExFixBlockNames.js, scripts/Misc/Examples/CommandLineExamples/CommandLineExamples.js, scripts/Misc/Examples/CommandLineExamples/ExSetColor/ExSetColor.js, scripts/Misc/Examples/DrawExamples/DrawExamples.js, scripts/Misc/Examples/DrawExamples/ExDrawBoundingBox/ExDrawBoundingBox.js, scripts/Misc/Examples/DrawExamples/ExDrawColors/ExDrawColors.js, scripts/Misc/Examples/DrawExamples/ExText/ExText.js, scripts/Misc/Examples/DrawExamples/ExThreePoints/ExThreePoints.js, scripts/Misc/Examples/IOExamples/IOExamples.js, scripts/Misc/Examples/IOExamples/ExDumpPolyline/ExDumpPolyline.js, scripts/Misc/Examples/IOExamples/ExImportPoints/ExImportPoints.js, scripts/Misc/Examples/IOExamples/MolImport/MolImport.js, scripts/Misc/Examples/LayerExamples/LayerExamples.js, scripts/Misc/Examples/LayerExamples/ExLayerWhiteToBlack/ExLayerWhiteToBlack.js, scripts/Misc/Examples/ListenerExamples/ListenerExamples.js, scripts/Misc/Examples/ListenerExamples/ExTransactionListener/ExTransactionListener.js, scripts/Misc/Examples/MathExamples/MathExamples.js, scripts/Misc/Examples/MathExamples/ExMathSpiral/ExMathSpiral.js, scripts/Misc/Examples/ModifyExamples/ModifyExamples.js, scripts/Misc/Examples/ModifyExamples/ExChangeFontToArial/ExChangeFontToArial.js, scripts/Misc/Examples/QtExamples/QtExamples.js, scripts/Misc/Examples/QtExamples/ExMainWindow/ExMainWindow.js, scripts/Misc/Examples/SystemExamples/SystemExamples.js, scripts/Misc/Examples/SystemExamples/ExDirListing/ExDirListing.js, scripts/Misc/MiscDraw/MiscDraw.js, scripts/Misc/MiscDraw/LineBoxJoint/LineBoxJoint.js, scripts/Misc/MiscDraw/LineDove/LineDove.js, scripts/Misc/MiscDraw/LineRadicalAxis/LineRadicalAxis.js, scripts/Misc/MiscDraw/LineSimilarityAxes/LineSimilarityAxes.js, scripts/Misc/MiscDraw/PointPole/PointPole.js, scripts/Misc/MiscDraw/PointPowerCenter/PointPowerCenter.js, scripts/Misc/Screencast/Screencast.js, scripts/Misc/Screencast/ScMirrored/ScMirrored.js, scripts/Misc/Tutorials/Tutorials.js, scripts/Misc/Tutorials/CommandLineTools/CommandLineTools.js, scripts/Misc/Tutorials/CommandLineTools/CreatingDrawing/CreatingDrawing.js, scripts/Misc/Tutorials/CommandLineTools/ExPdfExport/ExPdfExport.js, scripts/Misc/Tutorials/CommandLineTools/ExSvgExport/ExSvgExport.js, scripts/Misc/Tutorials/MenusAndToolBars/MenusAndToolBars.js, scripts/Misc/Tutorials/PersistentWidgets/PersistentWidgets.js, :scripts/Cam/Cam.js, :scripts/Cam/CamExport/CamExport.js, :scripts/Cam/CamImport/CamImport.js, :scripts/Cam/CamSimulation/CamSimulation.js, :scripts/Cam/GerberImport/GerberImport.js, :scripts/Cam/ImportExport/GerberImporter/GerberImporter.js, :scripts/Cam/Widgets/TrialExpired/TrialExpired.js, :scripts/Pro/Block/Attribute/Attribute.js, :scripts/Pro/Block/Attribute/AttributeDefinition/AttributeDefinition.js, :scripts/Pro/Block/Attribute/AttributeSynchronization/AttributeSynchronization.js, :scripts/Pro/Block/PurgeBlocks/PurgeBlocks.js, :scripts/Pro/Draw/Point/PointMN/PointMN.js, :scripts/Pro/Draw/Point/PointNP/PointNP.js, :scripts/Pro/Draw/Polyline/PolylineAppendNode/PolylineAppendNode.js, :scripts/Pro/Draw/Polyline/PolylineDeleteNode/PolylineDeleteNode.js, :scripts/Pro/Draw/Polyline/PolylineDeleteNodesBetween/PolylineDeleteNodesBetween.js, :scripts/Pro/Draw/Polyline/PolylineEquidistant/PolylineEquidistant.js, :scripts/Pro/Draw/Polyline/PolylineFromSegments/PolylineFromSegments.js, :scripts/Pro/Draw/Polyline/PolylineInsertNode/PolylineInsertNode.js, :scripts/Pro/Draw/Polyline/PolylineSimplify/PolylineSimplify.js, :scripts/Pro/Draw/Polyline/PolylineTrim/PolylineTrim.js, :scripts/Pro/Draw/Spline/SplineFitPoints/SplineFitPoints.js, :scripts/Pro/Edit/AppPreferences/ShortcutPreferences/ShortcutPreferences.js, :scripts/Pro/Edit/DrawingPreferences/MultiPageSettings/MultiPageSettings.js, :scripts/Pro/Edit/DrawingPreferences/PageTagSettings/PageTagSettings.js, :scripts/Pro/Edit/SearchReplace/SearchReplace.js, :scripts/Pro/Edit/SubstituteFonts/SubstituteFonts.js, :scripts/Pro/File/Compare/Compare.js, :scripts/Pro/File/NewFromTemplate/NewFromTemplate.js, :scripts/Pro/File/PdfExportPro/PdfExportPro.js, :scripts/Pro/File/PrintPreviewPro/PrintPreviewPro.js, :scripts/Pro/File/PrintPro/PrintPro.js, :scripts/Pro/File/SvgExport/SvgExport.js, :scripts/Pro/File/SvgExportAs/SvgExportAs.js, :scripts/Pro/Help/CheckForProUpdates/CheckForProUpdates.js, :scripts/Pro/ImportExport/SvgExporter/SvgExporter.js, :scripts/Pro/Information/InfoTotalLength/InfoTotalLength.js, :scripts/Pro/Layer/PurgeLayers/PurgeLayers.js, :scripts/Pro/Modify/Align/Align.js, :scripts/Pro/Modify/ClipToRectangle/ClipToRectangle.js, :scripts/Pro/Modify/Duplicates/Duplicates.js, :scripts/Pro/Modify/ExplodeText/ExplodeText.js, :scripts/Pro/Modify/SplitIntoEqualParts/SplitIntoEqualParts.js, :scripts/Pro/Modify/ZeroLengthDetection/ZeroLengthDetection.js, :scripts/Pro/Projection/IsometricProjection/IsoProjectCylindrical/IsoProjectCylindrical.js, :scripts/Pro/Projection/MatrixTransformation/MatrixTransformation.js, :scripts/Pro/Projection/OrthographicProjection/OrthographicProjection.js, :scripts/Pro/Projection/OrthographicProjection/OrthoProjectCylindrical/OrthoProjectCylindrical.js, :scripts/Pro/Select/AdvancedSelection/AdvancedSelection.js, :scripts/Pro/Select/SelectPolygon/SelectPolygon.js, :scripts/Pro/Select/SelectView/SelectView.js, :scripts/Pro/Tools/Tools.js, :scripts/Pro/Tools/BoundingBox/BoundingBox.js, :scripts/Pro/Tools/Dwg2Bmp/Dwg2Bmp.js, :scripts/Pro/Tools/Dwg2Pdf/Dwg2Pdf.js, :scripts/Pro/Tools/Dwg2Svg/Dwg2Svg.js, :scripts/Pro/View/AddView/AddView.js, :scripts/Pro/View/EditView/EditView.js, :scripts/Pro/View/PickView/PickView.js, :scripts/Pro/View/RemoveView/RemoveView.js, :scripts/Pro/Widgets/ClipboardDisplay/ClipboardDisplay.js, :scripts/Pro/Widgets/TrialExpired/TrialExpired.js, :scripts/Pro/Widgets/ViewList/ViewList.js, :scripts/Pro/Window/CascadeWindows/CascadeWindows.js, :scripts/Pro/Window/FullScreen/FullScreen.js, :scripts/Pro/Window/TileWindows/TileWindows.js, scripts/Help/Help.js, scripts/Help/About/About.js, scripts/Help/BrowseAddOns/BrowseAddOns.js, scripts/Help/BrowseUserManual/BrowseUserManual.js, scripts/Help/CheckForUpdates/CheckForUpdates.js, scripts/Help/FAQ/FAQ.js, scripts/Help/Forum/Forum.js, scripts/Help/ReportBug/ReportBug.js, scripts/Help/ReportTranslationError/ReportTranslationError.js, scripts/Help/ShowReadme/ShowReadme.js, scripts/Help/Website/Website.js, scripts/ImportExport/SvgImporter/SvgImporter.js, scripts/Navigation/DefaultNavigation/DefaultNavigation.js, scripts/Projection/Projection.js, scripts/Projection/IsometricProjection/IsometricProjection.js, scripts/Projection/IsometricProjection/IsoProject/IsoProject.js

[Trial]
CAM=2
DWG=2
Pro%20Tools=2

[CircleCR]
Radius=1

[CamExport]
Config=GCode
Path=/Users/ja/projects/duschlampe/cnc/mill_open

[HatchDialog]
Type=SolidFill
Pattern=ACAD_ISO02W100
Scale=1.0
Angle=0.0

[SaveAs]
Path=/Users/ja/projects/duschlampe/cnc/mill_open

[RecentFiles]
Files=/Users/ja/projects/duschlampe/cnc/mill_open/circle.dxf, /Users/ja/projects/duschlampe/cnc/mill_open/circles.dxf

[LineParallel]
Distance=1
Number=1

[Appearance]
Position.X=239
Position.Y=76
Width=1440
Height=852
DockappWindows="@ByteArray(\0\0\0\xff\0\0\0\0\xfd\0\0\0\x3\0\0\0\0\0\0\0P\0\0\x2}\xfc\x2\0\0\0\x1\xfb\0\0\0\x18\0\x43\0\x61\0\x64\0T\0o\0o\0l\0s\0\x44\0o\0\x63\0k\x1\0\0\0\x84\0\0\x2}\0\0\0'\0\xff\xff\xfe\0\0\0\x1\0\0\x1\x1d\0\0\x2}\xfc\x2\0\0\0\a\xfb\0\0\0\x1a\0\x42\0l\0o\0\x63\0k\0L\0i\0s\0t\0\x44\0o\0\x63\0k\0\0\0\0\0\xff\xff\xff\xff\0\0\0\x82\0\xff\xff\xff\xfb\0\0\0\x1a\0L\0\x61\0y\0\x65\0r\0L\0i\0s\0t\0\x44\0o\0\x63\0k\x1\0\0\0\x84\0\0\0\xc1\0\0\0\x82\0\xff\xff\xff\xfb\0\0\0$\0L\0i\0\x62\0r\0\x61\0r\0y\0\x42\0r\0o\0w\0s\0\x65\0r\0\x44\0o\0\x63\0k\x2\0\0\x4\xc3\0\0\x2@\0\0\x1,\0\0\0\xdc\xfb\0\0\0$\0P\0r\0o\0p\0\x65\0r\0t\0y\0\x45\0\x64\0i\0t\0o\0r\0\x44\0o\0\x63\0k\x3\0\0\x4(\0\0\0i\0\0\x1,\0\0\x1\xe0\xfb\xff\xff\xff\xff\x1\0\0\x1\x46\0\0\x1\xbb\0\0\x1,\0\xff\xff\xff\xfb\0\0\0(\0\x43\0l\0i\0p\0\x62\0o\0\x61\0r\0\x64\0\x44\0i\0s\0p\0l\0\x61\0y\0\x44\0o\0\x63\0k\0\0\0\0\0\xff\xff\xff\xff\0\0\0\x1a\0\xff\xff\xff\xfb\0\0\0\x18\0V\0i\0\x65\0w\0L\0i\0s\0t\0\x44\0o\0\x63\0k\0\0\0\0\0\xff\xff\xff\xff\0\0\0\x82\0\xff\xff\xff\0\0\0\x3\0\0\x5t\0\0\0-\xfc\x1\0\0\0\x1\xfb\0\0\0\x1e\0\x43\0o\0m\0m\0\x61\0n\0\x64\0L\0i\0n\0\x65\0\x44\0o\0\x63\0k\x1\0\0\0\0\0\0\x5t\0\0\x1\x2\0\xff\xff\xff\0\0\x4\x5\0\0\x2}\0\0\0\x4\0\0\0\x4\0\0\0\b\0\0\0\b\xfc\0\0\0\x6\0\0\0\x1\0\0\0\x1\0\0\0\x1c\0W\0i\0\x64\0g\0\x65\0t\0s\0T\0o\0o\0l\0\x42\0\x61\0r\x3\0\0\0\0\xff\xff\xff\xff\0\0\0\0\0\0\0\0\0\0\0\x2\0\0\0\x13\0\0\0\x18\0R\0\x65\0s\0\x65\0t\0T\0o\0o\0l\0\x42\0\x61\0r\x1\0\0\0\0\xff\xff\xff\xff\0\0\0\0\0\0\0\0\0\0\0\x16\0\x46\0i\0l\0\x65\0T\0o\0o\0l\0\x42\0\x61\0r\x1\0\0\0\x37\xff\xff\xff\xff\0\0\0\0\0\0\0\0\0\0\0\x16\0\x45\0\x64\0i\0t\0T\0o\0o\0l\0\x42\0\x61\0r\x1\0\0\x1r\xff\xff\xff\xff\0\0\0\0\0\0\0\0\0\0\0\x16\0V\0i\0\x65\0w\0T\0o\0o\0l\0\x42\0\x61\0r\x1\0\0\x3\t\xff\xff\xff\xff\0\0\0\0\0\0\0\0\0\0\0(\0I\0s\0o\0m\0\x65\0t\0r\0i\0\x63\0V\0i\0\x65\0w\0T\0o\0o\0l\0\x42\0\x61\0r\0\0\0\0\0\xff\xff\xff\xff\0\0\0\0\0\0\0\0\0\0\0\x1a\0S\0\x65\0l\0\x65\0\x63\0t\0T\0o\0o\0l\0\x42\0\x61\0r\0\0\0\0\0\xff\xff\xff\xff\0\0\0\0\0\0\0\0\0\0\0\x6\0\x41\0r\0\x63\0\0\0\0\0\xff\xff\xff\xff\0\0\0\0\0\0\0\0\0\0\0\f\0\x43\0i\0r\0\x63\0l\0\x65\0\0\0\0\0\xff\xff\xff\xff\0\0\0\0\0\0\0\0\0\0\0 \0\x44\0i\0m\0\x65\0n\0s\0i\0o\0n\0T\0o\0o\0l\0\x42\0\x61\0r\0\0\0\0\0\xff\xff\xff\xff\0\0\0\0\0\0\0\0\0\0\0\xe\0\x45\0l\0l\0i\0p\0s\0\x65\0\0\0\0\0\xff\xff\xff\xff\0\0\0\0\0\0\0\0\0\0\0\b\0L\0i\0n\0\x65\0\0\0\0\0\xff\xff\xff\xff\0\0\0\0\0\0\0\0\0\0\0\n\0P\0o\0i\0n\0t\0\0\0\0\0\xff\xff\xff\xff\0\0\0\0\0\0\0\0\0\0\0\x10\0P\0o\0l\0y\0l\0i\0n\0\x65\x2\0\0\0\0\xff\xff\xff\xff\0\0\0\0\0\0\0\0\0\0\0\f\0S\0p\0l\0i\0n\0\x65\x2\0\0\0\0\xff\xff\xff\xff\0\0\0\0\0\0\0\0\0\0\0\x1a\0M\0o\0\x64\0i\0\x66\0y\0T\0o\0o\0l\0\x42\0\x61\0r\0\0\0\0\0\xff\xff\xff\xff\0\0\0\0\0\0\0\0\0\0\0\x18\0\x42\0l\0o\0\x63\0k\0T\0o\0o\0l\0\x42\0\x61\0r\0\0\0\0\0\xff\xff\xff\xff\0\0\0\0\0\0\0\0\0\0\0\x16\0S\0n\0\x61\0p\0T\0o\0o\0l\0\x42\0\x61\0r\0\0\0\0\0\xff\xff\xff\xff\0\0\0\0\0\0\0\0\0\0\0$\0I\0n\0\x66\0o\0r\0m\0\x61\0t\0i\0o\0n\0T\0o\0o\0l\0\x42\0\x61\0r\0\0\0\0\0\xff\xff\xff\xff\0\0\0\0\0\0\0\0\0\0\0\x18\0L\0\x61\0y\0\x65\0r\0T\0o\0o\0l\0\x42\0\x61\0r\0\0\0\0\0\xff\xff\xff\xff\0\0\0\0\0\0\0\0\0\0\0\x2\0\0\0\x3\0\0\0\xe\0O\0p\0t\0i\0o\0n\0s\x1\0\0\0\0\xff\xff\xff\xff\0\0\0\0\0\0\0\0\0\0\0\x6\0P\0\x65\0n\0\0\0\0\0\xff\xff\xff\xff\0\0\0\0\0\0\0\0\0\0\0\x1e\0M\0i\0s\0\x63\0\x44\0r\0\x61\0w\0T\0o\0o\0l\0\x42\0\x61\0r\0\0\0\0\0\xff\xff\xff\xff\0\0\0\0\0\0\0\0\0\0\0\x2\0\0\0\x1\0\0\0\x14\0\x43\0\x61\0m\0T\0o\0o\0l\0\x42\0\x61\0r\x1\0\0\0\0\xff\xff\xff\xff\0\0\0\0\0\0\0\0\0\0\0\x2\0\0\0\x1\0\0\0\x12\0\x41\0t\0t\0r\0i\0\x62\0u\0t\0\x65\0\0\0\0\0\xff\xff\xff\xff\0\0\0\0\0\0\0\0\0\0\0\x2\0\0\0\0)"
FullScreen=false
StatusBar=true

Output fileName: '/Users/ja/projects/duschlampe/cnc/mill_open/circles.nc'
  this.getSplitFullCircles() = false
  this.getRampOn() = -1
  this.getRampOff() = -1
  this.getPathOrientation() = 0
  this.getIncrementalXYZ() = false
  this.getTolerance() = 0.0005
writeLine: N10 G00 Z100
Identifying paths...
getContour: entityId: 37
appendToContour: prepend: false
  shape: RCircle(RShape(address: "0x190433a0"), center: RVector(16, 16, 0), radius: 7)
appendToContour: prepend: true
  shape: RCircle(RShape(address: "0x1905d780"), center: RVector(16, 16, 0), radius: 7)
getContour: entityId: 38
appendToContour: prepend: false
  shape: RCircle(RShape(address: "0x19058020"), center: RVector(16, 16, 0), radius: 6)
appendToContour: prepend: true
  shape: RCircle(RShape(address: "0x19059630"), center: RVector(16, 16, 0), radius: 6)
getContour: entityId: 39
appendToContour: prepend: false
  shape: RCircle(RShape(address: "0x1905dd00"), center: RVector(16, 16, 0), radius: 5)
appendToContour: prepend: true
  shape: RCircle(RShape(address: "0x137c01b0"), center: RVector(16, 16, 0), radius: 5)
getContour: entityId: 40
appendToContour: prepend: false
  shape: RCircle(RShape(address: "0x1903ba80"), center: RVector(16, 16, 0), radius: 4)
appendToContour: prepend: true
  shape: RCircle(RShape(address: "0x19040c20"), center: RVector(16, 16, 0), radius: 4)
getContour: entityId: 41
appendToContour: prepend: false
  shape: RCircle(RShape(address: "0x1905ec90"), center: RVector(16, 16, 0), radius: 3)
appendToContour: prepend: true
  shape: RCircle(RShape(address: "0x137c24d0"), center: RVector(16, 16, 0), radius: 3)
getContour: entityId: 42
appendToContour: prepend: false
  shape: RCircle(RShape(address: "0x19047bb0"), center: RVector(16, 16, 0), radius: 2)
appendToContour: prepend: true
  shape: RCircle(RShape(address: "0x137c2830"), center: RVector(16, 16, 0), radius: 2)
getContour: entityId: 43
appendToContour: prepend: false
  shape: RCircle(RShape(address: "0x137bebe0"), center: RVector(16, 16, 0), radius: 1)
appendToContour: prepend: true
  shape: RCircle(RShape(address: "0x137bec60"), center: RVector(16, 16, 0), radius: 1)
getContour: entityId: 44
appendToContour: prepend: false
  shape: RCircle(RShape(address: "0x14947a80"), center: RVector(16, 16, 0), radius: 0)
appendToContour: prepend: true
  shape: RCircle(RShape(address: "0x14947b00"), center: RVector(16, 16, 0), radius: 0)
getContour: entityId: 28
appendToContour: prepend: false
  shape: RCircle(RShape(address: "0x1905a780"), center: RVector(16, 16, 0), radius: 16)
appendToContour: prepend: true
  shape: RCircle(RShape(address: "0x137c13a0"), center: RVector(16, 16, 0), radius: 16)
getContour: entityId: 29
appendToContour: prepend: false
  shape: RCircle(RShape(address: "0x19056a40"), center: RVector(16, 16, 0), radius: 15)
appendToContour: prepend: true
  shape: RCircle(RShape(address: "0x137c1ca0"), center: RVector(16, 16, 0), radius: 15)
getContour: entityId: 30
appendToContour: prepend: false
  shape: RCircle(RShape(address: "0x1904aab0"), center: RVector(16, 16, 0), radius: 14)
appendToContour: prepend: true
  shape: RCircle(RShape(address: "0x1904ab30"), center: RVector(16, 16, 0), radius: 14)
getContour: entityId: 31
appendToContour: prepend: false
  shape: RCircle(RShape(address: "0x167f8870"), center: RVector(16, 16, 0), radius: 13)
appendToContour: prepend: true
  shape: RCircle(RShape(address: "0x19056200"), center: RVector(16, 16, 0), radius: 13)
getContour: entityId: 32
appendToContour: prepend: false
  shape: RCircle(RShape(address: "0x137c3c20"), center: RVector(16, 16, 0), radius: 12)
appendToContour: prepend: true
  shape: RCircle(RShape(address: "0x1903e610"), center: RVector(16, 16, 0), radius: 12)
getContour: entityId: 33
appendToContour: prepend: false
  shape: RCircle(RShape(address: "0x19057cb0"), center: RVector(16, 16, 0), radius: 11)
appendToContour: prepend: true
  shape: RCircle(RShape(address: "0x19057d30"), center: RVector(16, 16, 0), radius: 11)
getContour: entityId: 34
appendToContour: prepend: false
  shape: RCircle(RShape(address: "0x19057e60"), center: RVector(16, 16, 0), radius: 10)
appendToContour: prepend: true
  shape: RCircle(RShape(address: "0x19057ee0"), center: RVector(16, 16, 0), radius: 10)
getContour: entityId: 35
appendToContour: prepend: false
  shape: RCircle(RShape(address: "0x137c7930"), center: RVector(16, 16, 0), radius: 9)
appendToContour: prepend: true
  shape: RCircle(RShape(address: "0x137c69f0"), center: RVector(16, 16, 0), radius: 9)
getContour: entityId: 36
appendToContour: prepend: false
  shape: RCircle(RShape(address: "0x1903b7e0"), center: RVector(16, 16, 0), radius: 8)
appendToContour: prepend: true
  shape: RCircle(RShape(address: "0x137c8db0"), center: RVector(16, 16, 0), radius: 8)
Paths identified: 17
  open: 17
  closed: 0
Indexing path entry points...
Entry points indexed for 10 of 17 paths
Processing paths...
  path with one entity found
exportContourEntity: RCircleEntity(0x17816c30)
  rampOnPoint: undefined
  rampOffPoint: undefined
  line, arc or circle
    startPoint: RVector(16, 16, 0)
    endPoint: RVector(16, 16, 0)
    exporting: RCircle(RShape(address: "0x17816c80"), center: RVector(16, 16, 0), radius: 0)
  path with one entity found
exportContourEntity: RCircleEntity(0x178b71d0)
  rampOnPoint: undefined
  rampOffPoint: undefined
  line, arc or circle
    startPoint: RVector(15, 16, 0)
    endPoint: RVector(17, 16, 0)
    exporting: RCircle(RShape(address: "0x178b7220"), center: RVector(16, 16, 0), radius: 1)
writeLine: N20 X17 Y16
writeLine: N30 Z2 F200
writeLine: N40 G01 Z-1
writeLine: N50 G03 X17 Y16 I-1 J0
  path with one entity found
exportContourEntity: RCircleEntity(0x178bdf10)
  rampOnPoint: undefined
  rampOffPoint: undefined
  line, arc or circle
    startPoint: RVector(14, 16, 0)
    endPoint: RVector(18, 16, 0)
    exporting: RCircle(RShape(address: "0x178bdf60"), center: RVector(16, 16, 0), radius: 2)
writeLine: N60 G00 Z2
writeLine: N70 X18
writeLine: N80 G01 Z-1
writeLine: N90 G03 X18 Y16 I-2 J0
  path with one entity found
exportContourEntity: RCircleEntity(0x50b7960)
  rampOnPoint: undefined
  rampOffPoint: undefined
  line, arc or circle
    startPoint: RVector(13, 16, 0)
    endPoint: RVector(19, 16, 0)
    exporting: RCircle(RShape(address: "0x50b79b0"), center: RVector(16, 16, 0), radius: 3)
writeLine: N100 G00 Z2
writeLine: N110 X19
writeLine: N120 G01 Z-1
writeLine: N130 G03 X19 Y16 I-3 J0
  path with one entity found
exportContourEntity: RCircleEntity(0x50f8080)
  rampOnPoint: undefined
  rampOffPoint: undefined
  line, arc or circle
    startPoint: RVector(12, 16, 0)
    endPoint: RVector(20, 16, 0)
    exporting: RCircle(RShape(address: "0x50f80d0"), center: RVector(16, 16, 0), radius: 4)
writeLine: N140 G00 Z2
writeLine: N150 X20
writeLine: N160 G01 Z-1
writeLine: N170 G03 X20 Y16 I-4 J0
  path with one entity found
exportContourEntity: RCircleEntity(0x13a7aa80)
  rampOnPoint: undefined
  rampOffPoint: undefined
  line, arc or circle
    startPoint: RVector(11, 16, 0)
    endPoint: RVector(21, 16, 0)
    exporting: RCircle(RShape(address: "0x13a7aad0"), center: RVector(16, 16, 0), radius: 5)
writeLine: N180 G00 Z2
writeLine: N190 X21
writeLine: N200 G01 Z-1
writeLine: N210 G03 X21 Y16 I-5 J0
  path with one entity found
exportContourEntity: RCircleEntity(0x13a572c0)
  rampOnPoint: undefined
  rampOffPoint: undefined
  line, arc or circle
    startPoint: RVector(10, 16, 0)
    endPoint: RVector(22, 16, 0)
    exporting: RCircle(RShape(address: "0x13a57310"), center: RVector(16, 16, 0), radius: 6)
writeLine: N220 G00 Z2
writeLine: N230 X22
writeLine: N240 G01 Z-1
writeLine: N250 G03 X22 Y16 I-6 J0
  path with one entity found
exportContourEntity: RCircleEntity(0x178b4320)
  rampOnPoint: undefined
  rampOffPoint: undefined
  line, arc or circle
    startPoint: RVector(9, 16, 0)
    endPoint: RVector(23, 16, 0)
    exporting: RCircle(RShape(address: "0x178b4370"), center: RVector(16, 16, 0), radius: 7)
writeLine: N260 G00 Z2
writeLine: N270 X23
writeLine: N280 G01 Z-1
writeLine: N290 G03 X23 Y16 I-7 J0
  path with one entity found
exportContourEntity: RCircleEntity(0x13a1f960)
  rampOnPoint: undefined
  rampOffPoint: undefined
  line, arc or circle
    startPoint: RVector(8, 16, 0)
    endPoint: RVector(24, 16, 0)
    exporting: RCircle(RShape(address: "0x13a1f9b0"), center: RVector(16, 16, 0), radius: 8)
writeLine: N300 G00 Z2
writeLine: N310 X24
writeLine: N320 G01 Z-1
writeLine: N330 G03 X24 Y16 I-8 J0
  path with one entity found
exportContourEntity: RCircleEntity(0x13a5f200)
  rampOnPoint: undefined
  rampOffPoint: undefined
  line, arc or circle
    startPoint: RVector(7, 16, 0)
    endPoint: RVector(25, 16, 0)
    exporting: RCircle(RShape(address: "0x13a5f250"), center: RVector(16, 16, 0), radius: 9)
writeLine: N340 G00 Z2
writeLine: N350 X25
writeLine: N360 G01 Z-1
writeLine: N370 G03 X25 Y16 I-9 J0
  path with one entity found
exportContourEntity: RCircleEntity(0x13a69fa0)
  rampOnPoint: undefined
  rampOffPoint: undefined
  line, arc or circle
    startPoint: RVector(6, 16, 0)
    endPoint: RVector(26, 16, 0)
    exporting: RCircle(RShape(address: "0x13a69ff0"), center: RVector(16, 16, 0), radius: 10)
writeLine: N380 G00 Z2
writeLine: N390 X26
writeLine: N400 G01 Z-1
writeLine: N410 G03 X26 Y16 I-10 J0
  path with one entity found
exportContourEntity: RCircleEntity(0x13a6c7b0)
  rampOnPoint: undefined
  rampOffPoint: undefined
  line, arc or circle
    startPoint: RVector(5, 16, 0)
    endPoint: RVector(27, 16, 0)
    exporting: RCircle(RShape(address: "0x13a6c800"), center: RVector(16, 16, 0), radius: 11)
writeLine: N420 G00 Z2
writeLine: N430 X27
writeLine: N440 G01 Z-1
writeLine: N450 G03 X27 Y16 I-11 J0
  path with one entity found
exportContourEntity: RCircleEntity(0x13a37b20)
  rampOnPoint: undefined
  rampOffPoint: undefined
  line, arc or circle
    startPoint: RVector(4, 16, 0)
    endPoint: RVector(28, 16, 0)
    exporting: RCircle(RShape(address: "0x13a37b70"), center: RVector(16, 16, 0), radius: 12)
writeLine: N460 G00 Z2
writeLine: N470 X28
writeLine: N480 G01 Z-1
writeLine: N490 G03 X28 Y16 I-12 J0
  path with one entity found
exportContourEntity: RCircleEntity(0x13a3e2f0)
  rampOnPoint: undefined
  rampOffPoint: undefined
  line, arc or circle
    startPoint: RVector(3, 16, 0)
    endPoint: RVector(29, 16, 0)
    exporting: RCircle(RShape(address: "0x13a3e340"), center: RVector(16, 16, 0), radius: 13)
writeLine: N500 G00 Z2
writeLine: N510 X29
writeLine: N520 G01 Z-1
writeLine: N530 G03 X29 Y16 I-13 J0
  path with one entity found
exportContourEntity: RCircleEntity(0x13a36510)
  rampOnPoint: undefined
  rampOffPoint: undefined
  line, arc or circle
    startPoint: RVector(2, 16, 0)
    endPoint: RVector(30, 16, 0)
    exporting: RCircle(RShape(address: "0x13a36560"), center: RVector(16, 16, 0), radius: 14)
writeLine: N540 G00 Z2
writeLine: N550 X30
writeLine: N560 G01 Z-1
writeLine: N570 G03 X30 Y16 I-14 J0
  path with one entity found
exportContourEntity: RCircleEntity(0x13a365d0)
  rampOnPoint: undefined
  rampOffPoint: undefined
  line, arc or circle
    startPoint: RVector(1, 16, 0)
    endPoint: RVector(31, 16, 0)
    exporting: RCircle(RShape(address: "0x13a36620"), center: RVector(16, 16, 0), radius: 15)
writeLine: N580 G00 Z2
writeLine: N590 X31
writeLine: N600 G01 Z-1
writeLine: N610 G03 X31 Y16 I-15 J0
  path with one entity found
exportContourEntity: RCircleEntity(0x178bc740)
  rampOnPoint: undefined
  rampOffPoint: undefined
  line, arc or circle
    startPoint: RVector(0, 16, 0)
    endPoint: RVector(32, 16, 0)
    exporting: RCircle(RShape(address: "0x178bc790"), center: RVector(16, 16, 0), radius: 16)
writeLine: N620 G00 Z2
writeLine: N630 X32
writeLine: N640 G01 Z-1
writeLine: N650 G03 X32 Y16 I-16 J0
Finished processing paths.
writeLine: N660 G00 Z2
writeLine: N670 Z100
writeLine: N680 M30
Export finished
